2022-05-12 15:10:25,251:DEBUG:src.calculator.calculator:get_division: dividend=10, divider=2
2022-05-12 15:10:25,253:DEBUG:src.calculator.calculator:get_division: dividend=-3.75, divider=0.5
2022-05-12 15:10:25,254:DEBUG:src.calculator.calculator:get_division: dividend=8, divider=16.0
2022-05-12 15:10:25,258:DEBUG:src.calculator.calculator:get_multiplication: multiplicand=-2, multiplier=3
2022-05-12 15:10:25,259:DEBUG:src.calculator.calculator:get_multiplication: multiplicand=0.5, multiplier=2.0
2022-05-12 15:10:25,260:DEBUG:src.calculator.calculator:get_multiplication: multiplicand=10, multiplier=5.0
2022-05-12 15:10:25,262:DEBUG:src.calculator.calculator:get_subtract: minuend=0.5, subtrahend=0.5
2022-05-12 15:10:25,263:DEBUG:src.calculator.calculator:get_subtract: minuend=0.5, subtrahend=1.0
2022-05-12 15:10:25,264:DEBUG:src.calculator.calculator:get_subtract: minuend=10, subtrahend=5.0
2022-05-12 15:10:25,265:DEBUG:src.calculator.calculator:get_sum: v1=0.5, v2=0.5
2022-05-12 15:10:25,266:DEBUG:src.calculator.calculator:get_sum: v1=-3, v2=-3
2022-05-12 15:10:25,268:DEBUG:src.calculator.calculator:get_sum: v1=4, v2=6
2022-05-12 15:11:05,653:DEBUG:src.calculator.calculator:get_sum: v1=5.0, v2=5.0
2022-05-12 15:11:05,653:DEBUG:src.calculator.calculator:get_subtract: minuend=1.25, subtrahend=0.75
2022-05-12 15:11:05,664:DEBUG:src.calculator.calculator:get_sum: v1=5, v2=5
2022-05-12 15:11:05,664:DEBUG:src.calculator.calculator:get_subtract: minuend=1.25, subtrahend=0.75
2022-05-12 15:11:05,665:DEBUG:src.calculator.calculator:get_sum: v1=8, v2=1.4
2022-05-12 15:11:05,665:DEBUG:src.calculator.calculator:get_subtract: minuend=15, subtrahend=0.375
2022-05-12 15:11:05,667:DEBUG:src.calculator.calculator:get_division: dividend=10, divider=2
2022-05-12 15:11:05,668:DEBUG:src.calculator.calculator:get_division: dividend=-3.75, divider=0.5
2022-05-12 15:11:05,669:DEBUG:src.calculator.calculator:get_division: dividend=8, divider=16.0
2022-05-12 15:11:05,673:DEBUG:src.calculator.calculator:get_multiplication: multiplicand=-2, multiplier=3
2022-05-12 15:11:05,674:DEBUG:src.calculator.calculator:get_multiplication: multiplicand=0.5, multiplier=2.0
2022-05-12 15:11:05,675:DEBUG:src.calculator.calculator:get_multiplication: multiplicand=10, multiplier=5.0
2022-05-12 15:11:05,676:DEBUG:src.calculator.calculator:get_subtract: minuend=0.5, subtrahend=0.5
2022-05-12 15:11:05,678:DEBUG:src.calculator.calculator:get_subtract: minuend=0.5, subtrahend=1.0
2022-05-12 15:11:05,679:DEBUG:src.calculator.calculator:get_subtract: minuend=10, subtrahend=5.0
2022-05-12 15:11:05,680:DEBUG:src.calculator.calculator:get_sum: v1=0.5, v2=0.5
2022-05-12 15:11:05,681:DEBUG:src.calculator.calculator:get_sum: v1=-3, v2=-3
2022-05-12 15:11:05,683:DEBUG:src.calculator.calculator:get_sum: v1=4, v2=6
